Performing C SOURCE FILE Test CMAKE_HAVE_LIBC_PTHREAD failed with the following output:
Change Dir: /home/maksim/Myfolder/Magistr/VKR/Project/Server/build/CMakeFiles/CMakeTmp

Run Build Command(s):/usr/bin/make cmTC_9aec9/fast && /usr/bin/make -f CMakeFiles/cmTC_9aec9.dir/build.make CMakeFiles/cmTC_9aec9.dir/build
make[1]: вход в каталог «/home/maksim/Myfolder/Magistr/VKR/Project/Server/build/CMakeFiles/CMakeTmp»
Building C object CMakeFiles/cmTC_9aec9.dir/src.c.o
/usr/bin/gcc   -DCMAKE_HAVE_LIBC_PTHREAD   -o CMakeFiles/cmTC_9aec9.dir/src.c.o   -c /home/maksim/Myfolder/Magistr/VKR/Project/Server/build/CMakeFiles/CMakeTmp/src.c
Linking C executable cmTC_9aec9
/usr/bin/cmake -E cmake_link_script CMakeFiles/cmTC_9aec9.dir/link.txt --verbose=1
/usr/bin/gcc  -DCMAKE_HAVE_LIBC_PTHREAD    -rdynamic CMakeFiles/cmTC_9aec9.dir/src.c.o  -o cmTC_9aec9 
/usr/bin/ld: CMakeFiles/cmTC_9aec9.dir/src.c.o: в функции «main»:
src.c:(.text+0x46): неопределённая ссылка на «pthread_create»
/usr/bin/ld: src.c:(.text+0x52): неопределённая ссылка на «pthread_detach»
/usr/bin/ld: src.c:(.text+0x63): неопределённая ссылка на «pthread_join»
collect2: error: ld returned 1 exit status
make[1]: *** [CMakeFiles/cmTC_9aec9.dir/build.make:87: cmTC_9aec9] Ошибка 1
make[1]: выход из каталога «/home/maksim/Myfolder/Magistr/VKR/Project/Server/build/CMakeFiles/CMakeTmp»
make: *** [Makefile:121: cmTC_9aec9/fast] Ошибка 2


Source file was:
#include <pthread.h>

void* test_func(void* data)
{
  return data;
}

int main(void)
{
  pthread_t thread;
  pthread_create(&thread, NULL, test_func, NULL);
  pthread_detach(thread);
  pthread_join(thread, NULL);
  pthread_atfork(NULL, NULL, NULL);
  pthread_exit(NULL);

  return 0;
}

Determining if the function pthread_create exists in the pthreads failed with the following output:
Change Dir: /home/maksim/Myfolder/Magistr/VKR/Project/Server/build/CMakeFiles/CMakeTmp

Run Build Command(s):/usr/bin/make cmTC_924e7/fast && /usr/bin/make -f CMakeFiles/cmTC_924e7.dir/build.make CMakeFiles/cmTC_924e7.dir/build
make[1]: вход в каталог «/home/maksim/Myfolder/Magistr/VKR/Project/Server/build/CMakeFiles/CMakeTmp»
Building C object CMakeFiles/cmTC_924e7.dir/CheckFunctionExists.c.o
/usr/bin/gcc   -DCHECK_FUNCTION_EXISTS=pthread_create   -o CMakeFiles/cmTC_924e7.dir/CheckFunctionExists.c.o   -c /usr/share/cmake-3.16/Modules/CheckFunctionExists.c
Linking C executable cmTC_924e7
/usr/bin/cmake -E cmake_link_script CMakeFiles/cmTC_924e7.dir/link.txt --verbose=1
/usr/bin/gcc  -DCHECK_FUNCTION_EXISTS=pthread_create    -rdynamic CMakeFiles/cmTC_924e7.dir/CheckFunctionExists.c.o  -o cmTC_924e7  -lpthreads 
/usr/bin/ld: невозможно найти -lpthreads
collect2: error: ld returned 1 exit status
make[1]: *** [CMakeFiles/cmTC_924e7.dir/build.make:87: cmTC_924e7] Ошибка 1
make[1]: выход из каталога «/home/maksim/Myfolder/Magistr/VKR/Project/Server/build/CMakeFiles/CMakeTmp»
make: *** [Makefile:121: cmTC_924e7/fast] Ошибка 2



